<?xml version="1.0" encoding="UTF-8"?>
<!-- Generated by org.testng.reporters.JUnitXMLReporter -->
<testsuite ignored="0" hostname="DESKTOP-OBCCAOA" failures="0" tests="4" name="SwagLabs Functional Tests" time="13.883" errors="0" timestamp="2025-05-04T02:40:52 IST">
  <testcase classname="test.SwagLabsTests" name="testLoginWithValidCredentials" time="1.611"/>
  <testcase classname="test.SwagLabsTests" name="testLoginWithInvalidCredentials" time="1.507"/>
  <testcase classname="test.SwagLabsTests" name="testAddProductToCart" time="1.767"/>
  <testcase classname="test.SwagLabsTests" name="testCheckoutFlow" time="2.795"/>
</testsuite> <!-- SwagLabs Functional Tests -->
